TN:
SF:src\index.js
FN:23,(anonymous_0)
FN:25,(anonymous_1)
FN:46,(anonymous_2)
FN:68,(anonymous_3)
FN:104,(anonymous_4)
FN:109,(anonymous_5)
FN:119,startServer
FN:135,(anonymous_7)
FNF:8
FNH:6
FNDA:17,(anonymous_0)
FNDA:17,(anonymous_1)
FNDA:2,(anonymous_2)
FNDA:1,(anonymous_3)
FNDA:1,(anonymous_4)
FNDA:1,(anonymous_5)
FNDA:0,startServer
FNDA:0,(anonymous_7)
DA:15,2
DA:17,2
DA:18,2
DA:20,2
DA:21,2
DA:22,2
DA:23,2
DA:24,17
DA:25,17
DA:26,17
DA:34,17
DA:46,2
DA:47,2
DA:68,2
DA:69,1
DA:70,1
DA:71,1
DA:72,0
DA:74,1
DA:80,0
DA:81,0
DA:104,2
DA:105,1
DA:106,1
DA:109,2
DA:110,1
DA:113,2
DA:114,2
DA:116,2
DA:117,2
DA:120,0
DA:121,0
DA:122,0
DA:124,0
DA:125,0
DA:128,0
DA:129,0
DA:130,0
DA:132,0
DA:135,0
DA:136,0
DA:140,2
DA:141,0
LF:43
LH:28
BRDA:17,0,0,2
BRDA:17,0,1,2
BRDA:71,1,0,0
BRDA:71,1,1,1
BRDA:140,2,0,0
BRDA:140,2,1,2
BRDA:140,3,0,2
BRDA:140,3,1,2
BRF:8
BRH:6
end_of_record
TN:
SF:src\logger.js
FNF:0
FNH:0
DA:3,4
LF:1
LH:1
BRF:0
BRH:0
end_of_record
TN:
SF:src\metrics.js
FN:29,metricsMiddleware
FN:33,(anonymous_1)
FNF:2
FNH:2
FNDA:17,metricsMiddleware
FNDA:17,(anonymous_1)
DA:3,2
DA:4,2
DA:6,2
DA:12,2
DA:19,2
DA:25,2
DA:26,2
DA:27,2
DA:30,17
DA:31,17
DA:33,17
DA:34,17
DA:35,17
DA:38,17
LF:14
LH:14
BRDA:30,0,0,17
BRDA:30,0,1,17
BRDA:30,0,2,0
BRDA:30,0,3,0
BRF:4
BRH:2
end_of_record
TN:
SF:src\tracing.js
FN:18,(anonymous_0)
FNF:1
FNH:0
FNDA:0,(anonymous_0)
DA:7,2
DA:9,2
DA:11,2
DA:16,2
DA:17,2
DA:18,0
DA:19,0
LF:7
LH:5
BRDA:12,0,0,2
BRDA:12,0,1,2
BRDA:17,1,0,0
BRDA:17,1,1,2
BRDA:17,2,0,2
BRDA:17,2,1,0
BRF:6
BRH:4
end_of_record
TN:
SF:src\controllers\config.controller.js
FN:5,successResponse
FN:16,errorResponse
FN:31,upsertConfig
FN:57,(anonymous_3)
FN:67,getServiceConfigs
FN:82,getConfigItem
FNF:6
FNH:5
FNDA:7,successResponse
FNDA:4,errorResponse
FNDA:6,upsertConfig
FNDA:0,(anonymous_3)
FNDA:2,getServiceConfigs
FNDA:3,getConfigItem
DA:6,7
DA:17,4
DA:32,6
DA:33,6
DA:35,6
DA:36,3
DA:39,3
DA:40,3
DA:49,3
DA:50,3
DA:57,3
DA:58,0
DA:61,3
DA:63,0
DA:68,2
DA:70,2
DA:71,2
DA:76,2
DA:78,0
DA:83,3
DA:85,3
DA:86,3
DA:91,3
DA:92,1
DA:95,2
DA:97,0
LF:26
LH:22
BRDA:5,0,0,7
BRDA:16,1,0,0
BRDA:16,2,0,4
BRDA:35,3,0,3
BRDA:35,3,1,3
BRDA:35,4,0,6
BRDA:35,4,1,4
BRDA:35,4,2,4
BRDA:35,4,3,3
BRDA:91,5,0,1
BRDA:91,5,1,2
BRF:11
BRH:10
end_of_record
TN:
SF:src\db\migrations.js
FN:3,ensureMigrations
FNF:1
FNH:1
FNDA:1,ensureMigrations
DA:4,1
DA:14,1
DA:18,1
DA:19,1
LF:4
LH:4
BRF:0
BRH:0
end_of_record
TN:
SF:src\db\pool.js
FN:15,(anonymous_0)
FN:19,(anonymous_1)
FNF:2
FNH:0
FNDA:0,(anonymous_0)
FNDA:0,(anonymous_1)
DA:5,1
DA:7,1
DA:15,1
DA:16,0
DA:19,1
DA:20,0
LF:6
LH:4
BRDA:8,0,0,1
BRDA:8,0,1,1
BRDA:9,1,0,1
BRDA:9,1,1,1
BRDA:10,2,0,1
BRDA:10,2,1,1
BRDA:11,3,0,1
BRDA:11,3,1,1
BRDA:12,4,0,1
BRDA:12,4,1,1
BRF:10
BRH:10
end_of_record
TN:
SF:src\docs\swagger.js
FNF:0
FNH:0
DA:3,2
DA:15,2
LF:2
LH:2
BRF:0
BRH:0
end_of_record
TN:
SF:src\kafka\producer.js
FN:15,getKafka
FN:23,initKafkaProducer
FN:42,publishConfigUpdate
FN:44,(anonymous_3)
FN:60,isConnected
FNF:5
FNH:4
FNDA:1,getKafka
FNDA:1,initKafkaProducer
FNDA:1,publishConfigUpdate
FNDA:0,(anonymous_3)
FNDA:1,isConnected
DA:6,1
DA:8,1
DA:9,1
DA:10,1
DA:13,1
DA:16,1
DA:24,1
DA:25,1
DA:26,1
DA:29,1
DA:30,1
DA:31,1
DA:32,1
DA:33,1
DA:35,0
DA:36,0
DA:37,0
DA:43,1
DA:44,0
DA:47,1
DA:48,0
DA:51,1
DA:55,1
DA:56,1
DA:57,1
DA:61,1
DA:64,1
LF:27
LH:22
BRDA:8,0,0,1
BRDA:8,0,1,1
BRDA:9,1,0,1
BRDA:9,1,1,1
BRDA:10,2,0,1
BRDA:10,2,1,1
BRDA:24,3,0,1
BRDA:24,3,1,0
BRDA:29,4,0,1
BRDA:29,4,1,0
BRDA:43,5,0,0
BRDA:43,5,1,1
BRDA:43,6,0,1
BRDA:43,6,1,1
BRDA:47,7,0,0
BRDA:47,7,1,1
BRDA:47,8,0,1
BRDA:47,8,1,1
BRF:18
BRH:14
end_of_record
TN:
SF:src\middleware\errorHandler.js
FN:3,errorHandler
FNF:1
FNH:1
FNDA:1,errorHandler
DA:4,1
DA:10,1
DA:11,1
DA:12,1
DA:14,1
LF:5
LH:5
BRDA:10,0,0,1
BRDA:10,0,1,1
BRDA:11,1,0,1
BRDA:11,1,1,1
BRDA:12,2,0,1
BRDA:12,2,1,0
BRF:6
BRH:5
end_of_record
TN:
SF:src\middleware\requestId.js
FN:3,requestIdMiddleware
FNF:1
FNH:1
FNDA:17,requestIdMiddleware
DA:4,17
DA:5,17
DA:6,17
LF:3
LH:3
BRF:0
BRH:0
end_of_record
TN:
SF:src\routes\config.routes.js
FNF:0
FNH:0
DA:8,2
DA:43,2
DA:62,2
DA:88,2
LF:4
LH:4
BRF:0
BRH:0
end_of_record
